./violaJonesFaceDetectionNPP Starting....
GPU Device 0: "Ampere" with compute capability 8.6

NPP Library Version 11.3.3
  CUDA Driver  Version: 12.6
  CUDA Runtime Version: 11.3
  Device 0: <          Ampere >, Compute SM 8.6 detected
imagefaceDetectionNPP opened: <./Lena.pgm> successfully.
Input directory: <./data/photography/ChroniclesOfNarnia.pgm
Output directory: <./output/photography/ChroniclesOfNarnia_detected.pgm
Cascade filter directory: <./haarcascade_frontalface_default.xml
Loading cascade classifier...
Cascade classifier loaded...
Grayscale image loaded successfully.
Grayscale image dimensions: 736 x 1146
Face detection found 3 results.
Time spent on detection: 0.223503785 seconds (223503785 nanoseconds)
Face detection result #1: x=489, y=447, width=60, height=60
Face detection result #2: x=364, y=193, width=50, height=50
Face detection result #3: x=206, y=491, width=66, height=66
Saving output to: ./output/photography/ChroniclesOfNarnia_detected.pgm
Image saved as: ./output/photography/ChroniclesOfNarnia_detected.pgm
