./violaJonesFaceDetectionNPP Starting....
GPU Device 0: "Ampere" with compute capability 8.6

NPP Library Version 11.3.3
  CUDA Driver  Version: 12.6
  CUDA Runtime Version: 11.3
  Device 0: <          Ampere >, Compute SM 8.6 detected
imagefaceDetectionNPP opened: <./Lena.pgm> successfully.
Input directory: <./data/anime/Bleach.pgm
Output directory: <./output/anime/Bleach_detected.pgm
Cascade filter directory: <./haarcascade_frontalface_default.xml
Loading cascade classifier...
Cascade classifier loaded...
Grayscale image loaded successfully.
Grayscale image dimensions: 1920 x 1080
Face detection found 2 results.
Time spent on detection: 0.293319110 seconds (293319110 nanoseconds)
Face detection result #1: x=910, y=565, width=96, height=96
Face detection result #2: x=789, y=376, width=72, height=72
Saving output to: ./output/anime/Bleach_detected.pgm
Image saved as: ./output/anime/Bleach_detected.pgm
