./violaJonesFaceDetectionNPP Starting....
GPU Device 0: "Ampere" with compute capability 8.6

NPP Library Version 11.3.3
  CUDA Driver  Version: 12.6
  CUDA Runtime Version: 11.3
  Device 0: <          Ampere >, Compute SM 8.6 detected
imagefaceDetectionNPP opened: <./Lena.pgm> successfully.
Input directory: <./data/anime/DemonSlayer.pgm
Output directory: <./output/anime/DemonSlayer_detected.pgm
Cascade filter directory: <./haarcascade_frontalface_default.xml
Loading cascade classifier...
Cascade classifier loaded...
Grayscale image loaded successfully.
Grayscale image dimensions: 1786 x 1022
Face detection found 2 results.
Time spent on detection: 0.583450346 seconds (583450346 nanoseconds)
Face detection result #1: x=826, y=354, width=286, height=286
Face detection result #2: x=124, y=687, width=316, height=316
Saving output to: ./output/anime/DemonSlayer_detected.pgm
Image saved as: ./output/anime/DemonSlayer_detected.pgm
